[2022-02-12 16:52:52,372][root][INFO] - Cleaning data and saving clean version
[2022-02-12 16:52:52,857][root][INFO] - Train/Test model procedure started
[2022-02-12 16:52:54,348][root][INFO] - Accuracy mean: 0.7912986223314508
[2022-02-12 16:52:54,348][root][INFO] - Accuracy std: 0.0035107525792612395
[2022-02-12 16:52:54,351][root][INFO] - Score check procedure started
[2022-02-12 16:52:54,363][root][INFO] - workclass - Precision:0.84 Recall:0.336 F Beta Score: 0.48000000000000004
[2022-02-12 16:52:54,382][root][INFO] - workclass - Precision:0.7231638418079096 Recall:0.25048923679060664 F Beta Score: 0.37209302325581395
[2022-02-12 16:52:54,388][root][INFO] - workclass - Precision:0.7 Recall:0.28 F Beta Score: 0.4
[2022-02-12 16:52:54,392][root][INFO] - workclass - Precision:0.9512195121951219 Recall:0.34513274336283184 F Beta Score: 0.5064935064935066
[2022-02-12 16:52:54,396][root][INFO] - workclass - Precision:0.8 Recall:0.16216216216216217 F Beta Score: 0.2696629213483146
[2022-02-12 16:52:54,400][root][INFO] - workclass - Precision:0.75 Recall:0.15789473684210525 F Beta Score: 0.2608695652173913
[2022-02-12 16:52:54,403][root][INFO] - workclass - Precision:1.0 Recall:1.0 F Beta Score: 1.0
[2022-02-12 16:52:54,407][root][INFO] - education - Precision:1.0 Recall:0.0 F Beta Score: 0.0
[2022-02-12 16:52:54,414][root][INFO] - education - Precision:0.7282608695652174 Recall:0.2326388888888889 F Beta Score: 0.3526315789473684
[2022-02-12 16:52:54,418][root][INFO] - education - Precision:0.5 Recall:0.3333333333333333 F Beta Score: 0.4
[2022-02-12 16:52:54,428][root][INFO] - education - Precision:0.5826086956521739 Recall:0.20059880239520958 F Beta Score: 0.29844097995545654
[2022-02-12 16:52:54,432][root][INFO] - education - Precision:0.8653846153846154 Recall:0.25862068965517243 F Beta Score: 0.39823008849557523
[2022-02-12 16:52:54,438][root][INFO] - education - Precision:0.8503401360544217 Recall:0.2802690582959641 F Beta Score: 0.42158516020236086
[2022-02-12 16:52:54,441][root][INFO] - education - Precision:1.0 Recall:0.4878048780487805 F Beta Score: 0.6557377049180327
[2022-02-12 16:52:54,445][root][INFO] - education - Precision:0.25 Recall:0.25 F Beta Score: 0.25
[2022-02-12 16:52:54,449][root][INFO] - education - Precision:0.6666666666666666 Recall:0.4 F Beta Score: 0.5
[2022-02-12 16:52:54,452][root][INFO] - education - Precision:0.2 Recall:1.0 F Beta Score: 0.33333333333333337
[2022-02-12 16:52:54,455][root][INFO] - education - Precision:0.5714285714285714 Recall:0.3333333333333333 F Beta Score: 0.4210526315789474
[2022-02-12 16:52:54,459][root][INFO] - education - Precision:0.8333333333333334 Recall:0.2631578947368421 F Beta Score: 0.39999999999999997
[2022-02-12 16:52:54,463][root][INFO] - education - Precision:0.5263157894736842 Recall:0.17857142857142858 F Beta Score: 0.26666666666666666
[2022-02-12 16:52:54,466][root][INFO] - education - Precision:0.0 Recall:1.0 F Beta Score: 0.0
[2022-02-12 16:52:54,469][root][INFO] - education - Precision:1.0 Recall:0.22580645161290322 F Beta Score: 0.3684210526315789
[2022-02-12 16:52:54,472][root][INFO] - education - Precision:0.5 Recall:0.5 F Beta Score: 0.5
[2022-02-12 16:52:54,484][root][INFO] - marital_status - Precision:0.8602150537634409 Recall:0.24205748865355523 F Beta Score: 0.3778040141676505
[2022-02-12 16:52:54,489][root][INFO] - marital_status - Precision:0.5957446808510638 Recall:0.3373493975903614 F Beta Score: 0.4307692307692308
[2022-02-12 16:52:54,493][root][INFO] - marital_status - Precision:0.5833333333333334 Recall:0.4375 F Beta Score: 0.5
[2022-02-12 16:52:54,502][root][INFO] - marital_status - Precision:0.41025641025641024 Recall:0.35555555555555557 F Beta Score: 0.38095238095238093
[2022-02-12 16:52:54,506][root][INFO] - marital_status - Precision:0.5 Recall:0.46153846153846156 F Beta Score: 0.48000000000000004
[2022-02-12 16:52:54,509][root][INFO] - marital_status - Precision:0.6 Recall:0.3333333333333333 F Beta Score: 0.42857142857142855
[2022-02-12 16:52:54,512][root][INFO] - marital_status - Precision:1.0 Recall:0.0 F Beta Score: 0.0
[2022-02-12 16:52:54,518][root][INFO] - occupation - Precision:0.65625 Recall:0.21875 F Beta Score: 0.328125
[2022-02-12 16:52:54,521][root][INFO] - occupation - Precision:0.8461538461538461 Recall:0.1864406779661017 F Beta Score: 0.3055555555555555
[2022-02-12 16:52:54,525][root][INFO] - occupation - Precision:0.5833333333333334 Recall:0.3333333333333333 F Beta Score: 0.4242424242424242
[2022-02-12 16:52:54,530][root][INFO] - occupation - Precision:0.9152542372881356 Recall:0.2776349614395887 F Beta Score: 0.42603550295857984
[2022-02-12 16:52:54,535][root][INFO] - occupation - Precision:0.5526315789473685 Recall:0.21649484536082475 F Beta Score: 0.31111111111111117
[2022-02-12 16:52:54,541][root][INFO] - occupation - Precision:0.8529411764705882 Recall:0.3178082191780822 F Beta Score: 0.46307385229540915
[2022-02-12 16:52:54,546][root][INFO] - occupation - Precision:0.05 Recall:0.043478260869565216 F Beta Score: 0.046511627906976744
[2022-02-12 16:52:54,549][root][INFO] - occupation - Precision:0.8571428571428571 Recall:0.17142857142857143 F Beta Score: 0.2857142857142857
[2022-02-12 16:52:54,553][root][INFO] - occupation - Precision:0.6363636363636364 Recall:0.30434782608695654 F Beta Score: 0.411764705882353
[2022-02-12 16:52:54,558][root][INFO] - occupation - Precision:0.873015873015873 Recall:0.2534562211981567 F Beta Score: 0.39285714285714296
[2022-02-12 16:52:54,562][root][INFO] - occupation - Precision:0.5238095238095238 Recall:0.16666666666666666 F Beta Score: 0.2528735632183908
[2022-02-12 16:52:54,566][root][INFO] - occupation - Precision:0.4782608695652174 Recall:0.23404255319148937 F Beta Score: 0.3142857142857143
[2022-02-12 16:52:54,569][root][INFO] - occupation - Precision:1.0 Recall:0.0 F Beta Score: 0.0
[2022-02-12 16:52:54,572][root][INFO] - occupation - Precision:1.0 Recall:1.0 F Beta Score: 1.0
[2022-02-12 16:52:54,582][root][INFO] - relationship - Precision:0.8765060240963856 Recall:0.2459847844463229 F Beta Score: 0.3841584158415841
[2022-02-12 16:52:54,589][root][INFO] - relationship - Precision:0.5700934579439252 Recall:0.3609467455621302 F Beta Score: 0.44202898550724634
[2022-02-12 16:52:54,594][root][INFO] - relationship - Precision:0.42857142857142855 Recall:0.36363636363636365 F Beta Score: 0.3934426229508197
[2022-02-12 16:52:54,598][root][INFO] - relationship - Precision:0.7222222222222222 Recall:0.19548872180451127 F Beta Score: 0.3076923076923077
[2022-02-12 16:52:54,604][root][INFO] - relationship - Precision:0.16666666666666666 Recall:0.2727272727272727 F Beta Score: 0.20689655172413793
[2022-02-12 16:52:54,607][root][INFO] - relationship - Precision:0.6 Recall:0.5 F Beta Score: 0.5454545454545454
[2022-02-12 16:52:54,626][root][INFO] - race - Precision:0.7712418300653595 Recall:0.2559652928416486 F Beta Score: 0.38436482084690554
[2022-02-12 16:52:54,631][root][INFO] - race - Precision:0.65 Recall:0.2857142857142857 F Beta Score: 0.3969465648854962
[2022-02-12 16:52:54,634][root][INFO] - race - Precision:0.4 Recall:0.4 F Beta Score: 0.4000000000000001
[2022-02-12 16:52:54,638][root][INFO] - race - Precision:0.6470588235294118 Recall:0.22448979591836735 F Beta Score: 0.33333333333333337
[2022-02-12 16:52:54,641][root][INFO] - race - Precision:0.6 Recall:0.42857142857142855 F Beta Score: 0.5
[2022-02-12 16:52:54,655][root][INFO] - sex - Precision:0.8145539906103286 Recall:0.2614920874152223 F Beta Score: 0.3958927552766685
[2022-02-12 16:52:54,665][root][INFO] - sex - Precision:0.49 Recall:0.23557692307692307 F Beta Score: 0.3181818181818182
[2022-02-12 16:52:54,688][root][INFO] - native_country - Precision:0.7575757575757576 Recall:0.25933609958506226 F Beta Score: 0.38639876352395675
[2022-02-12 16:52:54,692][root][INFO] - native_country - Precision:1.0 Recall:0.14285714285714285 F Beta Score: 0.25
[2022-02-12 16:52:54,695][root][INFO] - native_country - Precision:0.5 Recall:0.3333333333333333 F Beta Score: 0.4
[2022-02-12 16:52:54,699][root][INFO] - native_country - Precision:1.0 Recall:0.0 F Beta Score: 0.0
[2022-02-12 16:52:54,702][root][INFO] - native_country - Precision:0.5 Recall:0.3333333333333333 F Beta Score: 0.4
[2022-02-12 16:52:54,705][root][INFO] - native_country - Precision:0.5 Recall:0.25 F Beta Score: 0.3333333333333333
[2022-02-12 16:52:54,708][root][INFO] - native_country - Precision:1.0 Recall:1.0 F Beta Score: 1.0
[2022-02-12 16:52:54,711][root][INFO] - native_country - Precision:1.0 Recall:0.0 F Beta Score: 0.0
[2022-02-12 16:52:54,714][root][INFO] - native_country - Precision:1.0 Recall:0.0 F Beta Score: 0.0
[2022-02-12 16:52:54,717][root][INFO] - native_country - Precision:1.0 Recall:1.0 F Beta Score: 1.0
[2022-02-12 16:52:54,720][root][INFO] - native_country - Precision:1.0 Recall:1.0 F Beta Score: 1.0
[2022-02-12 16:52:54,723][root][INFO] - native_country - Precision:1.0 Recall:0.25 F Beta Score: 0.4
[2022-02-12 16:52:54,726][root][INFO] - native_country - Precision:1.0 Recall:0.09090909090909091 F Beta Score: 0.16666666666666669
[2022-02-12 16:52:54,729][root][INFO] - native_country - Precision:1.0 Recall:0.3333333333333333 F Beta Score: 0.5
[2022-02-12 16:52:54,732][root][INFO] - native_country - Precision:1.0 Recall:0.4 F Beta Score: 0.5714285714285715
[2022-02-12 16:52:54,735][root][INFO] - native_country - Precision:1.0 Recall:1.0 F Beta Score: 1.0
[2022-02-12 16:52:54,739][root][INFO] - native_country - Precision:0.6666666666666666 Recall:0.4 F Beta Score: 0.5
[2022-02-12 16:52:54,742][root][INFO] - native_country - Precision:1.0 Recall:0.3333333333333333 F Beta Score: 0.5
[2022-02-12 16:52:54,745][root][INFO] - native_country - Precision:1.0 Recall:1.0 F Beta Score: 1.0
[2022-02-12 16:52:54,748][root][INFO] - native_country - Precision:0.0 Recall:1.0 F Beta Score: 0.0
[2022-02-12 16:52:54,751][root][INFO] - native_country - Precision:1.0 Recall:0.0 F Beta Score: 0.0
[2022-02-12 16:52:54,754][root][INFO] - native_country - Precision:1.0 Recall:1.0 F Beta Score: 1.0
[2022-02-12 16:52:54,757][root][INFO] - native_country - Precision:1.0 Recall:1.0 F Beta Score: 1.0
[2022-02-12 16:52:54,760][root][INFO] - native_country - Precision:0.5 Recall:0.25 F Beta Score: 0.3333333333333333
[2022-02-12 16:52:54,763][root][INFO] - native_country - Precision:0.0 Recall:0.0 F Beta Score: 0.0
[2022-02-12 16:52:54,766][root][INFO] - native_country - Precision:1.0 Recall:1.0 F Beta Score: 1.0
[2022-02-12 16:52:54,769][root][INFO] - native_country - Precision:1.0 Recall:1.0 F Beta Score: 1.0
[2022-02-12 16:52:54,772][root][INFO] - native_country - Precision:1.0 Recall:0.0 F Beta Score: 0.0
[2022-02-12 16:52:54,775][root][INFO] - native_country - Precision:1.0 Recall:0.2 F Beta Score: 0.33333333333333337
[2022-02-12 16:52:54,778][root][INFO] - native_country - Precision:0.0 Recall:0.0 F Beta Score: 0.0
[2022-02-12 16:52:54,781][root][INFO] - native_country - Precision:1.0 Recall:1.0 F Beta Score: 1.0
[2022-02-12 16:52:54,784][root][INFO] - native_country - Precision:1.0 Recall:0.0 F Beta Score: 0.0
[2022-02-12 16:52:54,787][root][INFO] - native_country - Precision:1.0 Recall:0.0 F Beta Score: 0.0
[2022-02-12 16:52:54,790][root][INFO] - native_country - Precision:1.0 Recall:0.0 F Beta Score: 0.0
[2022-02-12 16:52:54,793][root][INFO] - native_country - Precision:1.0 Recall:1.0 F Beta Score: 1.0
[2022-02-12 16:52:54,796][root][INFO] - native_country - Precision:1.0 Recall:1.0 F Beta Score: 1.0
[2022-02-12 16:52:54,799][root][INFO] - native_country - Precision:1.0 Recall:0.6666666666666666 F Beta Score: 0.8
[2022-02-12 16:52:54,802][root][INFO] - native_country - Precision:1.0 Recall:1.0 F Beta Score: 1.0
[2022-02-12 16:52:54,805][root][INFO] - native_country - Precision:1.0 Recall:0.0 F Beta Score: 0.0
[2022-02-12 16:52:54,808][root][INFO] - native_country - Precision:1.0 Recall:1.0 F Beta Score: 1.0
