[2022-02-12 16:21:55,059][root][INFO] - Cleaning data and saving clean version
[2022-02-12 16:21:55,550][root][INFO] - Train/Test model procedure started
[2022-02-12 16:21:57,048][root][INFO] - Accuracy mean: 0.7904277004305171
[2022-02-12 16:21:57,049][root][INFO] - Accuracy std: 0.005891607426343627
[2022-02-12 16:21:57,052][root][INFO] - Score check procedure started
[2022-02-12 16:21:57,078][root][INFO] - workclass - Precision:0.6545454545454545 Recall:0.2638743455497382 F Beta Score: 0.37611940298507457
[2022-02-12 16:21:57,084][root][INFO] - workclass - Precision:0.8571428571428571 Recall:0.26865671641791045 F Beta Score: 0.40909090909090906
[2022-02-12 16:21:57,089][root][INFO] - workclass - Precision:0.6666666666666666 Recall:0.17699115044247787 F Beta Score: 0.27972027972027974
[2022-02-12 16:21:57,093][root][INFO] - workclass - Precision:0.6888888888888889 Recall:0.21379310344827587 F Beta Score: 0.3263157894736842
[2022-02-12 16:21:57,097][root][INFO] - workclass - Precision:0.925 Recall:0.3274336283185841 F Beta Score: 0.48366013071895425
[2022-02-12 16:21:57,101][root][INFO] - workclass - Precision:0.6842105263157895 Recall:0.17105263157894737 F Beta Score: 0.2736842105263158
[2022-02-12 16:21:57,104][root][INFO] - workclass - Precision:1.0 Recall:1.0 F Beta Score: 1.0
[2022-02-12 16:21:57,110][root][INFO] - education - Precision:0.8222222222222222 Recall:0.2611764705882353 F Beta Score: 0.3964285714285714
[2022-02-12 16:21:57,118][root][INFO] - education - Precision:0.6304347826086957 Recall:0.2265625 F Beta Score: 0.33333333333333337
[2022-02-12 16:21:57,127][root][INFO] - education - Precision:0.496 Recall:0.1901840490797546 F Beta Score: 0.2749445676274945
[2022-02-12 16:21:57,131][root][INFO] - education - Precision:0.625 Recall:0.5555555555555556 F Beta Score: 0.5882352941176471
[2022-02-12 16:21:57,135][root][INFO] - education - Precision:0.2857142857142857 Recall:0.25 F Beta Score: 0.26666666666666666
[2022-02-12 16:21:57,139][root][INFO] - education - Precision:0.873015873015873 Recall:0.3107344632768362 F Beta Score: 0.45833333333333337
[2022-02-12 16:21:57,142][root][INFO] - education - Precision:1.0 Recall:0.328125 F Beta Score: 0.49411764705882355
[2022-02-12 16:21:57,146][root][INFO] - education - Precision:0.47058823529411764 Recall:0.17391304347826086 F Beta Score: 0.25396825396825395
[2022-02-12 16:21:57,149][root][INFO] - education - Precision:0.0 Recall:0.0 F Beta Score: 0.0
[2022-02-12 16:21:57,153][root][INFO] - education - Precision:0.0 Recall:0.0 F Beta Score: 0.0
[2022-02-12 16:21:57,157][root][INFO] - education - Precision:0.7142857142857143 Recall:0.29850746268656714 F Beta Score: 0.4210526315789473
[2022-02-12 16:21:57,160][root][INFO] - education - Precision:0.9310344827586207 Recall:0.38028169014084506 F Beta Score: 0.54
[2022-02-12 16:21:57,163][root][INFO] - education - Precision:0.3333333333333333 Recall:0.14285714285714285 F Beta Score: 0.2
[2022-02-12 16:21:57,166][root][INFO] - education - Precision:0.0 Recall:1.0 F Beta Score: 0.0
[2022-02-12 16:21:57,170][root][INFO] - education - Precision:1.0 Recall:0.0 F Beta Score: 0.0
[2022-02-12 16:21:57,173][root][INFO] - education - Precision:0.25 Recall:0.5 F Beta Score: 0.3333333333333333
[2022-02-12 16:21:57,182][root][INFO] - marital_status - Precision:0.3211009174311927 Recall:0.4117647058823529 F Beta Score: 0.36082474226804123
[2022-02-12 16:21:57,193][root][INFO] - marital_status - Precision:0.8278688524590164 Recall:0.24162679425837322 F Beta Score: 0.37407407407407406
[2022-02-12 16:21:57,198][root][INFO] - marital_status - Precision:0.5625 Recall:0.2872340425531915 F Beta Score: 0.38028169014084506
[2022-02-12 16:21:57,202][root][INFO] - marital_status - Precision:0.75 Recall:0.375 F Beta Score: 0.5
[2022-02-12 16:21:57,205][root][INFO] - marital_status - Precision:0.2 Recall:0.07142857142857142 F Beta Score: 0.10526315789473682
[2022-02-12 16:21:57,209][root][INFO] - marital_status - Precision:0.25 Recall:0.16666666666666666 F Beta Score: 0.2
[2022-02-12 16:21:57,212][root][INFO] - marital_status - Precision:1.0 Recall:0.0 F Beta Score: 0.0
[2022-02-12 16:21:57,218][root][INFO] - occupation - Precision:0.875 Recall:0.2727272727272727 F Beta Score: 0.4158415841584158
[2022-02-12 16:21:57,222][root][INFO] - occupation - Precision:0.6811594202898551 Recall:0.23979591836734693 F Beta Score: 0.35471698113207545
[2022-02-12 16:21:57,226][root][INFO] - occupation - Precision:0.6666666666666666 Recall:0.16216216216216217 F Beta Score: 0.26086956521739135
[2022-02-12 16:21:57,231][root][INFO] - occupation - Precision:0.18181818181818182 Recall:0.17391304347826086 F Beta Score: 0.17777777777777776
[2022-02-12 16:21:57,236][root][INFO] - occupation - Precision:0.7169811320754716 Recall:0.2275449101796407 F Beta Score: 0.3454545454545454
[2022-02-12 16:21:57,240][root][INFO] - occupation - Precision:0.23809523809523808 Recall:0.1 F Beta Score: 0.1408450704225352
[2022-02-12 16:21:57,245][root][INFO] - occupation - Precision:0.5185185185185185 Recall:0.2616822429906542 F Beta Score: 0.3478260869565218
[2022-02-12 16:21:57,249][root][INFO] - occupation - Precision:0.25 Recall:0.1875 F Beta Score: 0.21428571428571427
[2022-02-12 16:21:57,254][root][INFO] - occupation - Precision:0.8307692307692308 Recall:0.3059490084985836 F Beta Score: 0.4472049689440994
[2022-02-12 16:21:57,258][root][INFO] - occupation - Precision:0.47368421052631576 Recall:0.15254237288135594 F Beta Score: 0.23076923076923078
[2022-02-12 16:21:57,261][root][INFO] - occupation - Precision:0.6190476190476191 Recall:0.24074074074074073 F Beta Score: 0.3466666666666667
[2022-02-12 16:21:57,265][root][INFO] - occupation - Precision:0.5 Recall:0.23809523809523808 F Beta Score: 0.3225806451612903
[2022-02-12 16:21:57,268][root][INFO] - occupation - Precision:1.0 Recall:1.0 F Beta Score: 1.0
[2022-02-12 16:21:57,271][root][INFO] - occupation - Precision:1.0 Recall:0.0 F Beta Score: 0.0
[2022-02-12 16:21:57,277][root][INFO] - relationship - Precision:0.14705882352941177 Recall:0.4166666666666667 F Beta Score: 0.2173913043478261
[2022-02-12 16:21:57,286][root][INFO] - relationship - Precision:0.8296529968454258 Recall:0.2384406165004533 F Beta Score: 0.3704225352112676
[2022-02-12 16:21:57,294][root][INFO] - relationship - Precision:0.45689655172413796 Recall:0.32515337423312884 F Beta Score: 0.37992831541218636
[2022-02-12 16:21:57,298][root][INFO] - relationship - Precision:0.43478260869565216 Recall:0.2564102564102564 F Beta Score: 0.3225806451612903
[2022-02-12 16:21:57,302][root][INFO] - relationship - Precision:0.3333333333333333 Recall:0.3333333333333333 F Beta Score: 0.3333333333333333
[2022-02-12 16:21:57,306][root][INFO] - relationship - Precision:0.8636363636363636 Recall:0.2602739726027397 F Beta Score: 0.39999999999999997
[2022-02-12 16:21:57,324][root][INFO] - race - Precision:0.6926229508196722 Recall:0.2526158445440957 F Beta Score: 0.37020810514786423
[2022-02-12 16:21:57,328][root][INFO] - race - Precision:0.6451612903225806 Recall:0.24691358024691357 F Beta Score: 0.35714285714285715
[2022-02-12 16:21:57,332][root][INFO] - race - Precision:0.5 Recall:0.5 F Beta Score: 0.5
[2022-02-12 16:21:57,335][root][INFO] - race - Precision:0.75 Recall:0.225 F Beta Score: 0.3461538461538462
[2022-02-12 16:21:57,338][root][INFO] - race - Precision:0.4 Recall:0.3333333333333333 F Beta Score: 0.3636363636363636
[2022-02-12 16:21:57,352][root][INFO] - sex - Precision:0.7333333333333333 Recall:0.2465972778222578 F Beta Score: 0.36908328340323543
[2022-02-12 16:21:57,360][root][INFO] - sex - Precision:0.525 Recall:0.2863636363636364 F Beta Score: 0.37058823529411766
[2022-02-12 16:21:57,381][root][INFO] - native_country - Precision:0.6908023483365949 Recall:0.2565406976744186 F Beta Score: 0.37413884472708003
[2022-02-12 16:21:57,384][root][INFO] - native_country - Precision:1.0 Recall:0.14285714285714285 F Beta Score: 0.25
[2022-02-12 16:21:57,387][root][INFO] - native_country - Precision:1.0 Recall:0.2 F Beta Score: 0.33333333333333337
[2022-02-12 16:21:57,391][root][INFO] - native_country - Precision:1.0 Recall:1.0 F Beta Score: 1.0
[2022-02-12 16:21:57,394][root][INFO] - native_country - Precision:0.0 Recall:0.0 F Beta Score: 0.0
[2022-02-12 16:21:57,397][root][INFO] - native_country - Precision:0.3333333333333333 Recall:0.14285714285714285 F Beta Score: 0.2
[2022-02-12 16:21:57,400][root][INFO] - native_country - Precision:1.0 Recall:0.2 F Beta Score: 0.33333333333333337
[2022-02-12 16:21:57,403][root][INFO] - native_country - Precision:1.0 Recall:0.0 F Beta Score: 0.0
[2022-02-12 16:21:57,406][root][INFO] - native_country - Precision:1.0 Recall:0.3333333333333333 F Beta Score: 0.5
[2022-02-12 16:21:57,409][root][INFO] - native_country - Precision:1.0 Recall:1.0 F Beta Score: 1.0
[2022-02-12 16:21:57,413][root][INFO] - native_country - Precision:1.0 Recall:0.0 F Beta Score: 0.0
[2022-02-12 16:21:57,416][root][INFO] - native_country - Precision:1.0 Recall:1.0 F Beta Score: 1.0
[2022-02-12 16:21:57,419][root][INFO] - native_country - Precision:1.0 Recall:0.0 F Beta Score: 0.0
[2022-02-12 16:21:57,422][root][INFO] - native_country - Precision:1.0 Recall:0.0 F Beta Score: 0.0
[2022-02-12 16:21:57,425][root][INFO] - native_country - Precision:1.0 Recall:0.2 F Beta Score: 0.33333333333333337
[2022-02-12 16:21:57,428][root][INFO] - native_country - Precision:1.0 Recall:0.0 F Beta Score: 0.0
[2022-02-12 16:21:57,431][root][INFO] - native_country - Precision:0.5 Recall:0.3333333333333333 F Beta Score: 0.4
[2022-02-12 16:21:57,434][root][INFO] - native_country - Precision:0.5 Recall:0.3333333333333333 F Beta Score: 0.4
[2022-02-12 16:21:57,438][root][INFO] - native_country - Precision:0.0 Recall:1.0 F Beta Score: 0.0
[2022-02-12 16:21:57,441][root][INFO] - native_country - Precision:0.0 Recall:0.0 F Beta Score: 0.0
[2022-02-12 16:21:57,444][root][INFO] - native_country - Precision:1.0 Recall:0.125 F Beta Score: 0.2222222222222222
[2022-02-12 16:21:57,447][root][INFO] - native_country - Precision:0.0 Recall:0.0 F Beta Score: 0.0
[2022-02-12 16:21:57,450][root][INFO] - native_country - Precision:0.5 Recall:1.0 F Beta Score: 0.6666666666666666
[2022-02-12 16:21:57,453][root][INFO] - native_country - Precision:1.0 Recall:1.0 F Beta Score: 1.0
[2022-02-12 16:21:57,456][root][INFO] - native_country - Precision:1.0 Recall:0.0 F Beta Score: 0.0
[2022-02-12 16:21:57,459][root][INFO] - native_country - Precision:1.0 Recall:0.0 F Beta Score: 0.0
[2022-02-12 16:21:57,462][root][INFO] - native_country - Precision:1.0 Recall:0.0 F Beta Score: 0.0
[2022-02-12 16:21:57,465][root][INFO] - native_country - Precision:1.0 Recall:1.0 F Beta Score: 1.0
[2022-02-12 16:21:57,468][root][INFO] - native_country - Precision:1.0 Recall:0.5 F Beta Score: 0.6666666666666666
[2022-02-12 16:21:57,471][root][INFO] - native_country - Precision:0.5 Recall:0.3333333333333333 F Beta Score: 0.4
[2022-02-12 16:21:57,474][root][INFO] - native_country - Precision:1.0 Recall:1.0 F Beta Score: 1.0
[2022-02-12 16:21:57,477][root][INFO] - native_country - Precision:1.0 Recall:1.0 F Beta Score: 1.0
[2022-02-12 16:21:57,480][root][INFO] - native_country - Precision:0.0 Recall:0.0 F Beta Score: 0.0
[2022-02-12 16:21:57,483][root][INFO] - native_country - Precision:1.0 Recall:1.0 F Beta Score: 1.0
[2022-02-12 16:21:57,486][root][INFO] - native_country - Precision:1.0 Recall:1.0 F Beta Score: 1.0
[2022-02-12 16:21:57,489][root][INFO] - native_country - Precision:1.0 Recall:1.0 F Beta Score: 1.0
[2022-02-12 16:21:57,492][root][INFO] - native_country - Precision:1.0 Recall:1.0 F Beta Score: 1.0
[2022-02-12 16:21:57,495][root][INFO] - native_country - Precision:1.0 Recall:1.0 F Beta Score: 1.0
[2022-02-12 16:21:57,498][root][INFO] - native_country - Precision:1.0 Recall:0.0 F Beta Score: 0.0
[2022-02-12 16:21:57,501][root][INFO] - native_country - Precision:1.0 Recall:1.0 F Beta Score: 1.0
