[2022-02-10 07:48:49,252][root][INFO] - Cleaning data and saving clean version
[2022-02-10 07:48:50,253][root][INFO] - Train/Test model procedure started
[2022-02-10 07:48:52,118][root][INFO] - Accuracy mean: 0.790800937934412
[2022-02-10 07:48:52,118][root][INFO] - Accuracy std: 0.00611961885240109
[2022-02-10 07:48:52,120][root][INFO] - Score check procedure started
[2022-02-10 07:48:52,144][root][INFO] - workclass - Precision:0.6729222520107239 Recall:0.2556008146639511 F Beta Score: 0.37047970479704795
[2022-02-10 07:48:52,151][root][INFO] - workclass - Precision:0.6341463414634146 Recall:0.24528301886792453 F Beta Score: 0.3537414965986394
[2022-02-10 07:48:52,157][root][INFO] - workclass - Precision:0.7352941176470589 Recall:0.2976190476190476 F Beta Score: 0.42372881355932207
[2022-02-10 07:48:52,163][root][INFO] - workclass - Precision:0.6842105263157895 Recall:0.2846715328467153 F Beta Score: 0.4020618556701031
[2022-02-10 07:48:52,168][root][INFO] - workclass - Precision:0.8979591836734694 Recall:0.3826086956521739 F Beta Score: 0.5365853658536585
[2022-02-10 07:48:52,174][root][INFO] - workclass - Precision:0.6190476190476191 Recall:0.16049382716049382 F Beta Score: 0.2549019607843137
[2022-02-10 07:48:52,178][root][INFO] - workclass - Precision:1.0 Recall:1.0 F Beta Score: 1.0
[2022-02-10 07:48:52,183][root][INFO] - education - Precision:0.3333333333333333 Recall:0.3 F Beta Score: 0.3157894736842105
[2022-02-10 07:48:52,193][root][INFO] - education - Precision:0.5384615384615384 Recall:0.20257234726688103 F Beta Score: 0.294392523364486
[2022-02-10 07:48:52,199][root][INFO] - education - Precision:0.8135593220338984 Recall:0.2774566473988439 F Beta Score: 0.41379310344827586
[2022-02-10 07:48:52,204][root][INFO] - education - Precision:0.3333333333333333 Recall:1.0 F Beta Score: 0.5
[2022-02-10 07:48:52,209][root][INFO] - education - Precision:0.7619047619047619 Recall:0.27586206896551724 F Beta Score: 0.40506329113924044
[2022-02-10 07:48:52,214][root][INFO] - education - Precision:0.4444444444444444 Recall:0.4444444444444444 F Beta Score: 0.4444444444444444
[2022-02-10 07:48:52,221][root][INFO] - education - Precision:0.8313253012048193 Recall:0.3080357142857143 F Beta Score: 0.44951140065146583
[2022-02-10 07:48:52,229][root][INFO] - education - Precision:0.5698924731182796 Recall:0.2054263565891473 F Beta Score: 0.301994301994302
[2022-02-10 07:48:52,235][root][INFO] - education - Precision:0.2727272727272727 Recall:0.25 F Beta Score: 0.2608695652173913
[2022-02-10 07:48:52,240][root][INFO] - education - Precision:0.0 Recall:0.0 F Beta Score: 0.0
[2022-02-10 07:48:52,244][root][INFO] - education - Precision:0.0 Recall:0.0 F Beta Score: 0.0
[2022-02-10 07:48:52,249][root][INFO] - education - Precision:0.0 Recall:0.0 F Beta Score: 0.0
[2022-02-10 07:48:52,254][root][INFO] - education - Precision:1.0 Recall:0.3275862068965517 F Beta Score: 0.49350649350649356
[2022-02-10 07:48:52,259][root][INFO] - education - Precision:0.625 Recall:0.22058823529411764 F Beta Score: 0.32608695652173914
[2022-02-10 07:48:52,264][root][INFO] - education - Precision:0.9459459459459459 Recall:0.40229885057471265 F Beta Score: 0.5645161290322581
[2022-02-10 07:48:52,268][root][INFO] - education - Precision:1.0 Recall:1.0 F Beta Score: 1.0
[2022-02-10 07:48:52,275][root][INFO] - marital_status - Precision:0.46511627906976744 Recall:0.21739130434782608 F Beta Score: 0.2962962962962963
[2022-02-10 07:48:52,285][root][INFO] - marital_status - Precision:0.32142857142857145 Recall:0.34615384615384615 F Beta Score: 0.3333333333333333
[2022-02-10 07:48:52,298][root][INFO] - marital_status - Precision:0.80622009569378 Recall:0.2604327666151468 F Beta Score: 0.3936915887850467
[2022-02-10 07:48:52,304][root][INFO] - marital_status - Precision:0.25 Recall:0.2 F Beta Score: 0.22222222222222224
[2022-02-10 07:48:52,309][root][INFO] - marital_status - Precision:0.6363636363636364 Recall:0.4117647058823529 F Beta Score: 0.5
[2022-02-10 07:48:52,314][root][INFO] - marital_status - Precision:0.5 Recall:0.5 F Beta Score: 0.5
[2022-02-10 07:48:52,318][root][INFO] - marital_status - Precision:1.0 Recall:0.3333333333333333 F Beta Score: 0.5
[2022-02-10 07:48:52,325][root][INFO] - occupation - Precision:0.21739130434782608 Recall:0.2 F Beta Score: 0.20833333333333331
[2022-02-10 07:48:52,330][root][INFO] - occupation - Precision:0.5384615384615384 Recall:0.20588235294117646 F Beta Score: 0.2978723404255319
[2022-02-10 07:48:52,337][root][INFO] - occupation - Precision:0.7985074626865671 Recall:0.2868632707774799 F Beta Score: 0.4220907297830375
[2022-02-10 07:48:52,344][root][INFO] - occupation - Precision:0.8962962962962963 Recall:0.31842105263157894 F Beta Score: 0.46990291262135914
[2022-02-10 07:48:52,351][root][INFO] - occupation - Precision:0.6901408450704225 Recall:0.25 F Beta Score: 0.36704119850187267
[2022-02-10 07:48:52,356][root][INFO] - occupation - Precision:0.37037037037037035 Recall:0.20408163265306123 F Beta Score: 0.26315789473684215
[2022-02-10 07:48:52,363][root][INFO] - occupation - Precision:0.765625 Recall:0.23671497584541062 F Beta Score: 0.36162361623616235
[2022-02-10 07:48:52,368][root][INFO] - occupation - Precision:0.6153846153846154 Recall:0.42105263157894735 F Beta Score: 0.5
[2022-02-10 07:48:52,373][root][INFO] - occupation - Precision:0.3888888888888889 Recall:0.23333333333333334 F Beta Score: 0.2916666666666667
[2022-02-10 07:48:52,379][root][INFO] - occupation - Precision:0.3877551020408163 Recall:0.2159090909090909 F Beta Score: 0.2773722627737226
[2022-02-10 07:48:52,384][root][INFO] - occupation - Precision:0.5833333333333334 Recall:0.1590909090909091 F Beta Score: 0.25
[2022-02-10 07:48:52,390][root][INFO] - occupation - Precision:0.6428571428571429 Recall:0.15254237288135594 F Beta Score: 0.2465753424657534
[2022-02-10 07:48:52,394][root][INFO] - occupation - Precision:0.0 Recall:1.0 F Beta Score: 0.0
[2022-02-10 07:48:52,399][root][INFO] - occupation - Precision:1.0 Recall:0.0 F Beta Score: 0.0
[2022-02-10 07:48:52,408][root][INFO] - relationship - Precision:0.42105263157894735 Recall:0.2702702702702703 F Beta Score: 0.3292181069958848
[2022-02-10 07:48:52,413][root][INFO] - relationship - Precision:0.7346938775510204 Recall:0.26666666666666666 F Beta Score: 0.391304347826087
[2022-02-10 07:48:52,425][root][INFO] - relationship - Precision:0.8241758241758241 Recall:0.26064291920069504 F Beta Score: 0.396039603960396
[2022-02-10 07:48:52,431][root][INFO] - relationship - Precision:0.4375 Recall:0.32558139534883723 F Beta Score: 0.37333333333333335
[2022-02-10 07:48:52,438][root][INFO] - relationship - Precision:0.2222222222222222 Recall:0.3157894736842105 F Beta Score: 0.2608695652173913
[2022-02-10 07:48:52,443][root][INFO] - relationship - Precision:0.25 Recall:0.2222222222222222 F Beta Score: 0.23529411764705882
[2022-02-10 07:48:52,449][root][INFO] - race - Precision:0.5555555555555556 Recall:0.29411764705882354 F Beta Score: 0.3846153846153846
[2022-02-10 07:48:52,476][root][INFO] - race - Precision:0.6978557504873294 Recall:0.26169590643274854 F Beta Score: 0.38064859117490696
[2022-02-10 07:48:52,482][root][INFO] - race - Precision:0.8888888888888888 Recall:0.3018867924528302 F Beta Score: 0.45070422535211263
[2022-02-10 07:48:52,487][root][INFO] - race - Precision:0.5 Recall:0.25 F Beta Score: 0.3333333333333333
[2022-02-10 07:48:52,492][root][INFO] - race - Precision:0.5 Recall:0.25 F Beta Score: 0.3333333333333333
[2022-02-10 07:48:52,502][root][INFO] - sex - Precision:0.5 Recall:0.2783018867924528 F Beta Score: 0.35757575757575755
[2022-02-10 07:48:52,519][root][INFO] - sex - Precision:0.7417943107221007 Recall:0.26218097447795824 F Beta Score: 0.38742857142857146
[2022-02-10 07:48:52,551][root][INFO] - native_country - Precision:0.6858736059479554 Recall:0.2647058823529412 F Beta Score: 0.38198757763975155
[2022-02-10 07:48:52,557][root][INFO] - native_country - Precision:0.6 Recall:0.3333333333333333 F Beta Score: 0.42857142857142855
[2022-02-10 07:48:52,561][root][INFO] - native_country - Precision:1.0 Recall:1.0 F Beta Score: 1.0
[2022-02-10 07:48:52,566][root][INFO] - native_country - Precision:0.5 Recall:0.16666666666666666 F Beta Score: 0.25
[2022-02-10 07:48:52,570][root][INFO] - native_country - Precision:1.0 Recall:0.3333333333333333 F Beta Score: 0.5
[2022-02-10 07:48:52,575][root][INFO] - native_country - Precision:1.0 Recall:0.3333333333333333 F Beta Score: 0.5
[2022-02-10 07:48:52,579][root][INFO] - native_country - Precision:1.0 Recall:0.2 F Beta Score: 0.33333333333333337
[2022-02-10 07:48:52,583][root][INFO] - native_country - Precision:0.8 Recall:0.4 F Beta Score: 0.5333333333333333
[2022-02-10 07:48:52,588][root][INFO] - native_country - Precision:1.0 Recall:0.0 F Beta Score: 0.0
[2022-02-10 07:48:52,592][root][INFO] - native_country - Precision:1.0 Recall:0.2857142857142857 F Beta Score: 0.4444444444444445
[2022-02-10 07:48:52,597][root][INFO] - native_country - Precision:1.0 Recall:1.0 F Beta Score: 1.0
[2022-02-10 07:48:52,601][root][INFO] - native_country - Precision:1.0 Recall:0.0 F Beta Score: 0.0
[2022-02-10 07:48:52,605][root][INFO] - native_country - Precision:1.0 Recall:0.5 F Beta Score: 0.6666666666666666
[2022-02-10 07:48:52,610][root][INFO] - native_country - Precision:1.0 Recall:0.5 F Beta Score: 0.6666666666666666
[2022-02-10 07:48:52,614][root][INFO] - native_country - Precision:0.75 Recall:0.3 F Beta Score: 0.4285714285714285
[2022-02-10 07:48:52,619][root][INFO] - native_country - Precision:1.0 Recall:1.0 F Beta Score: 1.0
[2022-02-10 07:48:52,624][root][INFO] - native_country - Precision:1.0 Recall:0.5 F Beta Score: 0.6666666666666666
[2022-02-10 07:48:52,628][root][INFO] - native_country - Precision:1.0 Recall:0.0 F Beta Score: 0.0
[2022-02-10 07:48:52,633][root][INFO] - native_country - Precision:1.0 Recall:1.0 F Beta Score: 1.0
[2022-02-10 07:48:52,637][root][INFO] - native_country - Precision:0.8 Recall:0.36363636363636365 F Beta Score: 0.5000000000000001
[2022-02-10 07:48:52,641][root][INFO] - native_country - Precision:1.0 Recall:0.0 F Beta Score: 0.0
[2022-02-10 07:48:52,646][root][INFO] - native_country - Precision:1.0 Recall:0.0 F Beta Score: 0.0
[2022-02-10 07:48:52,650][root][INFO] - native_country - Precision:1.0 Recall:0.0 F Beta Score: 0.0
[2022-02-10 07:48:52,655][root][INFO] - native_country - Precision:0.0 Recall:0.0 F Beta Score: 0.0
[2022-02-10 07:48:52,659][root][INFO] - native_country - Precision:1.0 Recall:0.0 F Beta Score: 0.0
[2022-02-10 07:48:52,663][root][INFO] - native_country - Precision:1.0 Recall:1.0 F Beta Score: 1.0
[2022-02-10 07:48:52,668][root][INFO] - native_country - Precision:1.0 Recall:0.0 F Beta Score: 0.0
[2022-02-10 07:48:52,672][root][INFO] - native_country - Precision:1.0 Recall:1.0 F Beta Score: 1.0
[2022-02-10 07:48:52,676][root][INFO] - native_country - Precision:1.0 Recall:1.0 F Beta Score: 1.0
[2022-02-10 07:48:52,681][root][INFO] - native_country - Precision:1.0 Recall:0.0 F Beta Score: 0.0
[2022-02-10 07:48:52,685][root][INFO] - native_country - Precision:0.0 Recall:0.0 F Beta Score: 0.0
[2022-02-10 07:48:52,689][root][INFO] - native_country - Precision:1.0 Recall:1.0 F Beta Score: 1.0
[2022-02-10 07:48:52,694][root][INFO] - native_country - Precision:1.0 Recall:0.0 F Beta Score: 0.0
[2022-02-10 07:48:52,698][root][INFO] - native_country - Precision:1.0 Recall:0.2 F Beta Score: 0.33333333333333337
[2022-02-10 07:48:52,702][root][INFO] - native_country - Precision:1.0 Recall:1.0 F Beta Score: 1.0
[2022-02-10 07:48:52,707][root][INFO] - native_country - Precision:1.0 Recall:0.0 F Beta Score: 0.0
[2022-02-10 07:48:52,711][root][INFO] - native_country - Precision:1.0 Recall:0.25 F Beta Score: 0.4
[2022-02-10 07:48:52,715][root][INFO] - native_country - Precision:1.0 Recall:0.0 F Beta Score: 0.0
[2022-02-10 07:48:52,720][root][INFO] - native_country - Precision:1.0 Recall:0.0 F Beta Score: 0.0
